2025-07-20 10:00:54,999 - INFO - Starting model training pipeline...
2025-07-20 10:00:55,001 - INFO - Loading datasets...
2025-07-20 10:00:56,285 - INFO - Movies dataset shape: (4803, 20)
2025-07-20 10:00:56,287 - INFO - Credits dataset shape: (4803, 4)
2025-07-20 10:00:56,291 - INFO - Merging datasets...
2025-07-20 10:00:56,331 - INFO - Data shape after cleaning: (4800, 11) (removed 3 rows)
2025-07-20 10:00:56,333 - INFO - Starting feature engineering...
2025-07-20 10:01:28,425 - INFO - Feature engineering complete. Final dataset shape: (4799, 20)
2025-07-20 10:01:28,427 - INFO - Building TF-IDF matrix...
2025-07-20 10:01:31,737 - INFO - TF-IDF matrix shape: (4799, 15000)
2025-07-20 10:01:31,738 - INFO - Vocabulary size: 15000
2025-07-20 10:01:31,739 - INFO - Computing cosine similarity matrix...
2025-07-20 10:01:31,740 - INFO - Large dataset detected. Computing similarity in chunks...
2025-07-20 10:01:33,568 - INFO - Similarity matrix shape: (4799, 4799)
2025-07-20 10:01:33,598 - INFO - Created indices mapping for 4799 unique movie titles
2025-07-20 10:01:33,610 - INFO - Evaluating model performance...
2025-07-20 10:01:33,745 - INFO - Model Coverage: 100.00%
2025-07-20 10:01:33,746 - INFO - Average Recommendation Diversity: 0.000
2025-07-20 10:01:33,748 - INFO - Saving model to movie_recommendation_model.pkl...
2025-07-20 10:01:34,294 - INFO - Model saved successfully! File size: 178.74 MB
2025-07-20 10:01:34,296 - INFO - Training completed in 0:00:39.295109
2025-07-20 10:01:34,297 - INFO - Model metrics: {'coverage': 100.0, 'diversity': 0.0, 'total_movies': 4799, 'unique_titles': 4799}
2025-07-20 10:01:34,321 - INFO - Loading model from movie_recommendation_model.pkl...
2025-07-20 10:01:34,593 - INFO - Model loaded successfully!
2025-07-20 10:01:34,595 - INFO - Model metadata: {'creation_date': '2025-07-20T10:01:33.748094', 'n_movies': 4799, 'n_features': 15000, 'max_features': 15000, 'min_df': 2, 'max_df': 0.8, 'ngram_range': (1, 2), 'model_version': '2.0'}
2025-07-20 10:01:34,596 - INFO - Testing recommendations for: Avatar
